[2025-12-15 09:37:29] === CHECK VÝPADKŮ BRNO/TROUBSKO ===
[2025-12-15 09:37:30] ✅ ŽÁDNE PLÁNOVANÉ VÝPADKY
[2025-12-15 09:41:27] ✅ ŽÁDNE ODSTÁVKY
[2025-12-15 09:42:46] ❌ CHYBA nebo ŽÁDNE ODSTÁVKY

[2025-12-15 09:43:26] ❌ CHYBA nebo ŽÁDNE ODSTÁVKY
[2025-12-15 09:44:49] ❌ CHYBA nebo ŽÁDNE ODSTÁVKY
[2025-12-15 09:45:34] ❌ CHYBA: Žádný výstup
[2025-12-15 09:46:27] 🚨 VÝPADKY (26 PSČ): 60200, 60300, 61100, 61200, 61201, 61202, 61203, 61204, 61205, 61300, 61500, 61600, 61700, 61900, 62000, 62100, 62200, 62300, 62400, 62500, 63500, 62332, 62333, 62334, 62335, 62336
[2025-12-15 09:47:41] ✅ ŽÁDNE VÝPADKY (26 PSČ OK)
[2025-12-15 09:53:06] 🚨 VÝPADKY (26 PSČ): 60200, 60300, 61100, 61200, 61201, 61202, 61203, 61204, 61205, 61300, 61500, 61600, 61700, 61900, 62000, 62100, 62200, 62300, 62400, 62500, 63500, 62332, 62333, 62334, 62335, 62336
[2025-12-15 09:53:39] 🚨 VÝPADKY (26 PSČ): 60200, 60300, 61100, 61200, 61201, 61202, 61203, 61204, 61205, 61300, 61500, 61600, 61700, 61900, 62000, 62100, 62200, 62300, 62400, 62500, 63500, 62332, 62333, 62334, 62335, 62336
[2025-12-15 09:56:22] 🚨 VÝPADKY (3 nálezů): |    - PSČ*615 |    - PSČ*619 |    - PSČ*617

[2025-12-15 09:58:52] 🚨 VÝPADKY (29): 60200, 60300, 61100, 61200, 61201, 61202, 61203, 61204, 61205, 61300, 61500, 61600, 61700, 61900, 62000, 62100, 62200, 62300, 62400, 62500, 63500, 62332, 62333, 62334, 62335, 62336, 615, 617, 619

[2025-12-15 10:00:45] ✅ ŽÁDNE VÝPADKY (26 PSČ OK)
[2025-12-15 10:02:08] STATUS OK | EG.D Troubsko: OK (403) | EG.D Brno: OK (403) | ČEZ: OK (404) | Distribuce24: OK (200)
[2025-12-15 10:02:59] 🚨 VÝPADKY: 62332, 61200, 61500
[2025-12-15 10:06:33] 🚨 SKUTEČNÉ VÝPADKY: 61200, 61500, 61600, 61700, 61900, 62100, 62333, 66441
[2025-12-15 10:11:30] ✅ ŽÁDNE VÝPADKY (27 PSČ oblastí OK)

[2025-12-15 10:17:18] 🚨 VÝPADKY (13 PSČ): 60200, 60300, 61100, 61200, 61201, 61202, 61203, 61204, 61205, 61300, 61500, 61600, 61700
[2025-12-15 10:18:56] ✅ ŽÁDNE VÝPADKY (27 PSČ oblastí OK)
[2025-12-15 10:30:11] ✅ ŽÁDNE PLÁNOVANÉ ODSTÁVKY (27 PSČ OK)
[2025-12-15 10:37:38] ✅ ŽÁDNE ODSTÁVKY (27 PSČ OK)
[2025-12-15 10:47:55] ✅ ŽÁDNE ODSTÁVKY (27 PSČ oblastí OK)
[2025-12-15 11:00:48] ✅ ŽÁDNE VÝPADKY (27 PSČ OK)
[2025-12-15 11:03:42] 🚨 VÝPADKY (16 PSČ): 60200, 60300, 61100, 61200, 61201, 61202, 61203, 61204, 61205, 61300, 61500, 61600, 61700, 61900, 62000, 62100
[2025-12-15 11:05:16] ✅ ŽÁDNE (27 OK)
[2025-12-15 11:12:18] ✅ ŽÁDNE (27 OK)
[2025-12-15 11:18:08] ✅ ŽÁDNE VÝPADKY
[2025-12-15 11:24:37] ✅ ŽÁDNE VÝPADKY (27 PSČ OK)
[2025-12-15 11:30:39] ✅ ŽÁDNE VÝPADKY (39 PSČ OK)
[2025-12-15 11:53:40] ✅ ŽÁDNE VÝPADKY (40 PSČ OK)
[2025-12-15 12:09:46] 🚨 VÝPADKY (3 PSČ): 62100, 63700, 66441
[2025-12-15 12:34:25] 🚨 VÝPADKY (4 PSČ): 60200, 62100, 63700, 66441
[2025-12-15 12:46:31] 🚨 VÝPADKY (3 PSČ): 62100, 63700, 66441
[2025-12-15 13:03:44] 🚨 VÝPADKY (3 PSČ): 62100, 63700, 66441
[2025-12-15 13:22:36] 🚨 VÝPADKY (3 PSČ): 62100, 63700, 66441
